[debug] [2024-07-14T15:34:34.098Z] ----------------------------------------------------------------------
[debug] [2024-07-14T15:34:34.102Z] Command:       /nix/store/qds3rzxwqrkvhzjxgcb95d2qx4sd9b1l-nodejs-20.11.1/bin/node /home/user/.global_modules/bin/firebase login:ci
[debug] [2024-07-14T15:34:34.103Z] CLI Version:   13.13.2
[debug] [2024-07-14T15:34:34.103Z] Platform:      linux
[debug] [2024-07-14T15:34:34.103Z] Node Version:  v20.11.1
[debug] [2024-07-14T15:34:34.104Z] Time:          Sun Jul 14 2024 15:34:34 GMT+0000 (Coordinated Universal Time)
[debug] [2024-07-14T15:34:34.104Z] ----------------------------------------------------------------------
[debug] 
[debug] [2024-07-14T15:34:34.206Z] Object "" in "firebase.json" has unknown property: {"additionalProperty":"singleProjectMode"}
[warn] ⚠  Authenticating with a `login:ci` token is deprecated and will be removed in a future major version of `firebase-tools`. Instead, use a service account key with `GOOGLE_APPLICATION_CREDENTIALS`: https://cloud.google.com/docs/authentication/getting-started 
[info] 
[info] Visit this URL on this device to log in:
[info] https://accounts.google.com/o/oauth2/auth?client_id=563584335869-fgrhgmd47bqnekij5i8b5pr03ho849e6.apps.googleusercontent.com&scope=email%20openid%20https%3A%2F%2Fwww.googleapis.com%2Fauth%2Fcloudplatformprojects.readonly%20https%3A%2F%2Fwww.googleapis.com%2Fauth%2Ffirebase%20https%3A%2F%2Fwww.googleapis.com%2Fauth%2Fcloud-platform&response_type=code&state=296382552&redirect_uri=http%3A%2F%2Flocalhost%3A9005
[info] 
[info] Waiting for authentication...
[debug] [2024-07-14T15:42:32.365Z] ----------------------------------------------------------------------
[debug] [2024-07-14T15:42:32.370Z] Command:       /nix/store/qds3rzxwqrkvhzjxgcb95d2qx4sd9b1l-nodejs-20.11.1/bin/node /home/user/.global_modules/bin/firebase init hosting:github
[debug] [2024-07-14T15:42:32.370Z] CLI Version:   13.13.2
[debug] [2024-07-14T15:42:32.371Z] Platform:      linux
[debug] [2024-07-14T15:42:32.371Z] Node Version:  v20.11.1
[debug] [2024-07-14T15:42:32.371Z] Time:          Sun Jul 14 2024 15:42:32 GMT+0000 (Coordinated Universal Time)
[debug] [2024-07-14T15:42:32.371Z] ----------------------------------------------------------------------
[debug] 
[debug] [2024-07-14T15:42:32.479Z] Object "" in "firebase.json" has unknown property: {"additionalProperty":"singleProjectMode"}
[debug] [2024-07-14T15:42:32.485Z] > command requires scopes: ["email","openid","https://www.googleapis.com/auth/cloudplatformprojects.readonly","https://www.googleapis.com/auth/firebase","https://www.googleapis.com/auth/cloud-platform"]
[debug] [2024-07-14T15:42:32.485Z] > authorizing via signed-in user (minwool0357@gmail.com)
[debug] [2024-07-14T15:42:32.486Z] Object "" in "firebase.json" has unknown property: {"additionalProperty":"singleProjectMode"}
[info] 
     ######## #### ########  ######## ########     ###     ######  ########
     ##        ##  ##     ## ##       ##     ##  ##   ##  ##       ##
     ######    ##  ########  ######   ########  #########  ######  ######
     ##        ##  ##    ##  ##       ##     ## ##     ##       ## ##
     ##       #### ##     ## ######## ########  ##     ##  ######  ########

You're about to initialize a Firebase project in this directory:

  /home/user/geminihackathon

Before we get started, keep in mind:

  * You are initializing within an existing Firebase project directory

[info] 
=== Project Setup
[info] 
[info] First, let's associate this project directory with a Firebase project.
[info] You can create multiple project aliases by running firebase use --add, 
[info] but for now we'll just set up a default project.
[info] 
[debug] [2024-07-14T15:42:32.491Z] Using project from CLI flag: jcdhackathon
[debug] [2024-07-14T15:42:32.494Z] >>> [apiv2][query] GET https://firebase.googleapis.com/v1beta1/projects/jcdhackathon [none]
[debug] [2024-07-14T15:42:32.796Z] <<< [apiv2][status] GET https://firebase.googleapis.com/v1beta1/projects/jcdhackathon 200
[debug] [2024-07-14T15:42:32.796Z] <<< [apiv2][body] GET https://firebase.googleapis.com/v1beta1/projects/jcdhackathon {"projectId":"jcdhackathon","projectNumber":"535289894669","displayName":"JCDHackathon","name":"projects/jcdhackathon","resources":{"hostingSite":"jcdhackathon"},"state":"ACTIVE","etag":"1_6ff20339-36e6-4403-bfe7-1cd2ec30beeb"}
[info] i  Using project jcdhackathon (JCDHackathon) 
[info] 
=== Hosting:github Setup
[info] 
[info] i  Detected a .git folder at /home/user/geminihackathon 
[info] i  Authorizing with GitHub to upload your service account to a GitHub repository's secrets store. 
[info] 
[info] Visit this URL on this device to log in:
[info] https://github.com/login/oauth/authorize?client_id=89cf50f02ac6aaed3484&state=247593208&redirect_uri=http%3A%2F%2Flocalhost%3A9005&scope=read%3Auser%20repo%20public_repo
[info] 
[info] Waiting for authentication...
[debug] [2024-07-14T15:53:27.971Z] ----------------------------------------------------------------------
[debug] [2024-07-14T15:53:27.975Z] Command:       /nix/store/qds3rzxwqrkvhzjxgcb95d2qx4sd9b1l-nodejs-20.11.1/bin/node /home/user/.global_modules/bin/firebase init hosting:github
[debug] [2024-07-14T15:53:27.976Z] CLI Version:   13.13.2
[debug] [2024-07-14T15:53:27.976Z] Platform:      linux
[debug] [2024-07-14T15:53:27.976Z] Node Version:  v20.11.1
[debug] [2024-07-14T15:53:27.977Z] Time:          Sun Jul 14 2024 15:53:27 GMT+0000 (Coordinated Universal Time)
[debug] [2024-07-14T15:53:27.977Z] ----------------------------------------------------------------------
[debug] 
[debug] [2024-07-14T15:53:28.076Z] Object "" in "firebase.json" has unknown property: {"additionalProperty":"singleProjectMode"}
[debug] [2024-07-14T15:53:28.082Z] > command requires scopes: ["email","openid","https://www.googleapis.com/auth/cloudplatformprojects.readonly","https://www.googleapis.com/auth/firebase","https://www.googleapis.com/auth/cloud-platform"]
[debug] [2024-07-14T15:53:28.082Z] > authorizing via signed-in user (minwool0357@gmail.com)
[debug] [2024-07-14T15:53:28.083Z] Object "" in "firebase.json" has unknown property: {"additionalProperty":"singleProjectMode"}
[info] 
     ######## #### ########  ######## ########     ###     ######  ########
     ##        ##  ##     ## ##       ##     ##  ##   ##  ##       ##
     ######    ##  ########  ######   ########  #########  ######  ######
     ##        ##  ##    ##  ##       ##     ## ##     ##       ## ##
     ##       #### ##     ## ######## ########  ##     ##  ######  ########

You're about to initialize a Firebase project in this directory:

  /home/user/geminihackathon

Before we get started, keep in mind:

  * You are initializing within an existing Firebase project directory

[info] 
=== Project Setup
[info] 
[info] First, let's associate this project directory with a Firebase project.
[info] You can create multiple project aliases by running firebase use --add, 
[info] but for now we'll just set up a default project.
[info] 
[debug] [2024-07-14T15:53:28.087Z] Using project from CLI flag: jcdhackathon
[debug] [2024-07-14T15:53:28.090Z] >>> [apiv2][query] GET https://firebase.googleapis.com/v1beta1/projects/jcdhackathon [none]
[debug] [2024-07-14T15:53:28.472Z] <<< [apiv2][status] GET https://firebase.googleapis.com/v1beta1/projects/jcdhackathon 200
[debug] [2024-07-14T15:53:28.473Z] <<< [apiv2][body] GET https://firebase.googleapis.com/v1beta1/projects/jcdhackathon {"projectId":"jcdhackathon","projectNumber":"535289894669","displayName":"JCDHackathon","name":"projects/jcdhackathon","resources":{"hostingSite":"jcdhackathon"},"state":"ACTIVE","etag":"1_6ff20339-36e6-4403-bfe7-1cd2ec30beeb"}
[info] i  Using project jcdhackathon (JCDHackathon) 
[info] 
=== Hosting:github Setup
[info] 
[info] i  Detected a .git folder at /home/user/geminihackathon 
[info] i  Authorizing with GitHub to upload your service account to a GitHub repository's secrets store. 
[info] 
[info] Visit this URL on this device to log in:
[info] https://github.com/login/oauth/authorize?client_id=89cf50f02ac6aaed3484&state=850266043&redirect_uri=http%3A%2F%2Flocalhost%3A9005&scope=read%3Auser%20repo%20public_repo
[info] 
[info] Waiting for authentication...
